<?xml version="1.0" encoding="UTF-8"?>
<!-- Generated by org.testng.reporters.JUnitReportReporter -->
<testsuite hostname="DAISA01-5520" name="com.google.tests.GoogleHomePageTest" tests="2" failures="0" timestamp="26 Oct 2018 08:40:48 GMT" time="5.831" errors="0">
  <testcase name="verifyGooglePageTittle" time="2.230" classname="com.google.tests.GoogleHomePageTest"/>
  <testcase name="verifyGooglePageTittle1" time="3.601" classname="com.google.tests.GoogleHomePageTest"/>
</testsuite> <!-- com.google.tests.GoogleHomePageTest -->
